<?xml version="1.0" encoding="UTF-8"?>
<testsuite xmlns:xsi="http://www.w3.org/2001/XMLSchema-instance" xsi:noNamespaceSchemaLocation="https://maven.apache.org/surefire/maven-surefire-plugin/xsd/surefire-test-report.xsd" name="com.company.project.CompanyFrameApplicationTests" time="13.529" tests="1" errors="0" skipped="0" failures="0">
  <properties>
    <property name="sun.desktop" value="windows"/>
    <property name="awt.toolkit" value="sun.awt.windows.WToolkit"/>
    <property name="file.encoding.pkg" value="sun.io"/>
    <property name="java.specification.version" value="1.8"/>
    <property name="sun.cpu.isalist" value="amd64"/>
    <property name="sun.jnu.encoding" value="MS950"/>
    <property name="java.class.path" value="D:\LOCALHOSTjava\springboot-fixedasset_new\target\test-classes;D:\LOCALHOSTjava\springboot-fixedasset_new\target\classes;C:\Users\felix\.m2\repository\org\springframework\boot\spring-boot-starter-web\2.2.13.RELEASE\spring-boot-starter-web-2.2.13.RELEASE.jar;C:\Users\felix\.m2\repository\org\springframework\boot\spring-boot-starter\2.2.13.RELEASE\spring-boot-starter-2.2.13.RELEASE.jar;C:\Users\felix\.m2\repository\org\springframework\boot\spring-boot\2.2.13.RELEASE\spring-boot-2.2.13.RELEASE.jar;C:\Users\felix\.m2\repository\org\springframework\boot\spring-boot-starter-logging\2.2.13.RELEASE\spring-boot-starter-logging-2.2.13.RELEASE.jar;C:\Users\felix\.m2\repository\ch\qos\logback\logback-classic\1.2.3\logback-classic-1.2.3.jar;C:\Users\felix\.m2\repository\ch\qos\logback\logback-core\1.2.3\logback-core-1.2.3.jar;C:\Users\felix\.m2\repository\org\apache\logging\log4j\log4j-to-slf4j\2.12.1\log4j-to-slf4j-2.12.1.jar;C:\Users\felix\.m2\repository\org\apache\logging\log4j\log4j-api\2.12.1\log4j-api-2.12.1.jar;C:\Users\felix\.m2\repository\org\slf4j\jul-to-slf4j\1.7.30\jul-to-slf4j-1.7.30.jar;C:\Users\felix\.m2\repository\org\yaml\snakeyaml\1.25\snakeyaml-1.25.jar;C:\Users\felix\.m2\repository\org\springframework\boot\spring-boot-starter-json\2.2.13.RELEASE\spring-boot-starter-json-2.2.13.RELEASE.jar;C:\Users\felix\.m2\repository\com\fasterxml\jackson\core\jackson-databind\2.10.5.1\jackson-databind-2.10.5.1.jar;C:\Users\felix\.m2\repository\com\fasterxml\jackson\core\jackson-annotations\2.10.5\jackson-annotations-2.10.5.jar;C:\Users\felix\.m2\repository\com\fasterxml\jackson\core\jackson-core\2.10.5\jackson-core-2.10.5.jar;C:\Users\felix\.m2\repository\com\fasterxml\jackson\datatype\jackson-datatype-jdk8\2.10.5\jackson-datatype-jdk8-2.10.5.jar;C:\Users\felix\.m2\repository\com\fasterxml\jackson\datatype\jackson-datatype-jsr310\2.10.5\jackson-datatype-jsr310-2.10.5.jar;C:\Users\felix\.m2\repository\com\fasterxml\jackson\module\jackson-module-parameter-names\2.10.5\jackson-module-parameter-names-2.10.5.jar;C:\Users\felix\.m2\repository\org\springframework\boot\spring-boot-starter-validation\2.2.13.RELEASE\spring-boot-starter-validation-2.2.13.RELEASE.jar;C:\Users\felix\.m2\repository\jakarta\validation\jakarta.validation-api\2.0.2\jakarta.validation-api-2.0.2.jar;C:\Users\felix\.m2\repository\org\hibernate\validator\hibernate-validator\6.0.22.Final\hibernate-validator-6.0.22.Final.jar;C:\Users\felix\.m2\repository\org\springframework\spring-web\5.2.12.RELEASE\spring-web-5.2.12.RELEASE.jar;C:\Users\felix\.m2\repository\org\springframework\spring-beans\5.2.12.RELEASE\spring-beans-5.2.12.RELEASE.jar;C:\Users\felix\.m2\repository\org\springframework\spring-webmvc\5.2.12.RELEASE\spring-webmvc-5.2.12.RELEASE.jar;C:\Users\felix\.m2\repository\org\springframework\spring-context\5.2.12.RELEASE\spring-context-5.2.12.RELEASE.jar;C:\Users\felix\.m2\repository\org\springframework\spring-expression\5.2.12.RELEASE\spring-expression-5.2.12.RELEASE.jar;C:\Users\felix\.m2\repository\org\springframework\boot\spring-boot-starter-test\2.2.13.RELEASE\spring-boot-starter-test-2.2.13.RELEASE.jar;C:\Users\felix\.m2\repository\org\springframework\boot\spring-boot-test\2.2.13.RELEASE\spring-boot-test-2.2.13.RELEASE.jar;C:\Users\felix\.m2\repository\org\springframework\boot\spring-boot-test-autoconfigure\2.2.13.RELEASE\spring-boot-test-autoconfigure-2.2.13.RELEASE.jar;C:\Users\felix\.m2\repository\com\jayway\jsonpath\json-path\2.4.0\json-path-2.4.0.jar;C:\Users\felix\.m2\repository\net\minidev\json-smart\2.3\json-smart-2.3.jar;C:\Users\felix\.m2\repository\net\minidev\accessors-smart\1.2\accessors-smart-1.2.jar;C:\Users\felix\.m2\repository\org\ow2\asm\asm\5.0.4\asm-5.0.4.jar;C:\Users\felix\.m2\repository\jakarta\xml\bind\jakarta.xml.bind-api\2.3.3\jakarta.xml.bind-api-2.3.3.jar;C:\Users\felix\.m2\repository\jakarta\activation\jakarta.activation-api\1.2.2\jakarta.activation-api-1.2.2.jar;C:\Users\felix\.m2\repository\org\junit\jupiter\junit-jupiter\5.5.2\junit-jupiter-5.5.2.jar;C:\Users\felix\.m2\repository\org\junit\jupiter\junit-jupiter-api\5.5.2\junit-jupiter-api-5.5.2.jar;C:\Users\felix\.m2\repository\org\opentest4j\opentest4j\1.2.0\opentest4j-1.2.0.jar;C:\Users\felix\.m2\repository\org\junit\platform\junit-platform-commons\1.5.2\junit-platform-commons-1.5.2.jar;C:\Users\felix\.m2\repository\org\junit\jupiter\junit-jupiter-params\5.5.2\junit-jupiter-params-5.5.2.jar;C:\Users\felix\.m2\repository\org\junit\jupiter\junit-jupiter-engine\5.5.2\junit-jupiter-engine-5.5.2.jar;C:\Users\felix\.m2\repository\org\junit\vintage\junit-vintage-engine\5.5.2\junit-vintage-engine-5.5.2.jar;C:\Users\felix\.m2\repository\org\apiguardian\apiguardian-api\1.1.0\apiguardian-api-1.1.0.jar;C:\Users\felix\.m2\repository\org\junit\platform\junit-platform-engine\1.5.2\junit-platform-engine-1.5.2.jar;C:\Users\felix\.m2\repository\junit\junit\4.12\junit-4.12.jar;C:\Users\felix\.m2\repository\org\mockito\mockito-junit-jupiter\3.1.0\mockito-junit-jupiter-3.1.0.jar;C:\Users\felix\.m2\repository\org\assertj\assertj-core\3.13.2\assertj-core-3.13.2.jar;C:\Users\felix\.m2\repository\org\hamcrest\hamcrest\2.1\hamcrest-2.1.jar;C:\Users\felix\.m2\repository\org\mockito\mockito-core\3.1.0\mockito-core-3.1.0.jar;C:\Users\felix\.m2\repository\net\bytebuddy\byte-buddy-agent\1.10.19\byte-buddy-agent-1.10.19.jar;C:\Users\felix\.m2\repository\org\objenesis\objenesis\2.6\objenesis-2.6.jar;C:\Users\felix\.m2\repository\org\skyscreamer\jsonassert\1.5.0\jsonassert-1.5.0.jar;C:\Users\felix\.m2\repository\com\vaadin\external\google\android-json\0.0.20131108.vaadin1\android-json-0.0.20131108.vaadin1.jar;C:\Users\felix\.m2\repository\org\springframework\spring-core\5.2.12.RELEASE\spring-core-5.2.12.RELEASE.jar;C:\Users\felix\.m2\repository\org\springframework\spring-jcl\5.2.12.RELEASE\spring-jcl-5.2.12.RELEASE.jar;C:\Users\felix\.m2\repository\org\springframework\spring-test\5.2.12.RELEASE\spring-test-5.2.12.RELEASE.jar;C:\Users\felix\.m2\repository\org\xmlunit\xmlunit-core\2.6.4\xmlunit-core-2.6.4.jar;C:\Users\felix\.m2\repository\org\springframework\boot\spring-boot-starter-aop\2.2.13.RELEASE\spring-boot-starter-aop-2.2.13.RELEASE.jar;C:\Users\felix\.m2\repository\org\springframework\spring-aop\5.2.12.RELEASE\spring-aop-5.2.12.RELEASE.jar;C:\Users\felix\.m2\repository\org\aspectj\aspectjweaver\1.9.6\aspectjweaver-1.9.6.jar;C:\Users\felix\.m2\repository\com\alibaba\druid-spring-boot-starter\1.1.16\druid-spring-boot-starter-1.1.16.jar;C:\Users\felix\.m2\repository\com\alibaba\druid\1.1.16\druid-1.1.16.jar;C:\Users\felix\.m2\repository\org\slf4j\slf4j-api\1.7.30\slf4j-api-1.7.30.jar;C:\Users\felix\.m2\repository\org\springframework\boot\spring-boot-autoconfigure\2.2.13.RELEASE\spring-boot-autoconfigure-2.2.13.RELEASE.jar;C:\Users\felix\.m2\repository\org\springframework\boot\spring-boot-starter-data-redis\2.2.13.RELEASE\spring-boot-starter-data-redis-2.2.13.RELEASE.jar;C:\Users\felix\.m2\repository\org\springframework\data\spring-data-redis\2.2.12.RELEASE\spring-data-redis-2.2.12.RELEASE.jar;C:\Users\felix\.m2\repository\org\springframework\data\spring-data-keyvalue\2.2.12.RELEASE\spring-data-keyvalue-2.2.12.RELEASE.jar;C:\Users\felix\.m2\repository\org\springframework\data\spring-data-commons\2.2.12.RELEASE\spring-data-commons-2.2.12.RELEASE.jar;C:\Users\felix\.m2\repository\org\springframework\spring-tx\5.2.12.RELEASE\spring-tx-5.2.12.RELEASE.jar;C:\Users\felix\.m2\repository\org\springframework\spring-oxm\5.2.12.RELEASE\spring-oxm-5.2.12.RELEASE.jar;C:\Users\felix\.m2\repository\org\springframework\spring-context-support\5.2.12.RELEASE\spring-context-support-5.2.12.RELEASE.jar;C:\Users\felix\.m2\repository\io\lettuce\lettuce-core\5.2.2.RELEASE\lettuce-core-5.2.2.RELEASE.jar;C:\Users\felix\.m2\repository\io\netty\netty-common\4.1.58.Final\netty-common-4.1.58.Final.jar;C:\Users\felix\.m2\repository\io\netty\netty-handler\4.1.58.Final\netty-handler-4.1.58.Final.jar;C:\Users\felix\.m2\repository\io\netty\netty-resolver\4.1.58.Final\netty-resolver-4.1.58.Final.jar;C:\Users\felix\.m2\repository\io\netty\netty-buffer\4.1.58.Final\netty-buffer-4.1.58.Final.jar;C:\Users\felix\.m2\repository\io\netty\netty-codec\4.1.58.Final\netty-codec-4.1.58.Final.jar;C:\Users\felix\.m2\repository\io\netty\netty-transport\4.1.58.Final\netty-transport-4.1.58.Final.jar;C:\Users\felix\.m2\repository\io\projectreactor\reactor-core\3.3.13.RELEASE\reactor-core-3.3.13.RELEASE.jar;C:\Users\felix\.m2\repository\org\reactivestreams\reactive-streams\1.0.3\reactive-streams-1.0.3.jar;C:\Users\felix\.m2\repository\org\apache\shiro\shiro-spring\1.7.1\shiro-spring-1.7.1.jar;C:\Users\felix\.m2\repository\org\apache\shiro\shiro-core\1.7.1\shiro-core-1.7.1.jar;C:\Users\felix\.m2\repository\org\apache\shiro\shiro-lang\1.7.1\shiro-lang-1.7.1.jar;C:\Users\felix\.m2\repository\org\apache\shiro\shiro-cache\1.7.1\shiro-cache-1.7.1.jar;C:\Users\felix\.m2\repository\org\apache\shiro\shiro-crypto-hash\1.7.1\shiro-crypto-hash-1.7.1.jar;C:\Users\felix\.m2\repository\org\apache\shiro\shiro-crypto-core\1.7.1\shiro-crypto-core-1.7.1.jar;C:\Users\felix\.m2\repository\org\apache\shiro\shiro-crypto-cipher\1.7.1\shiro-crypto-cipher-1.7.1.jar;C:\Users\felix\.m2\repository\org\apache\shiro\shiro-config-core\1.7.1\shiro-config-core-1.7.1.jar;C:\Users\felix\.m2\repository\org\apache\shiro\shiro-config-ogdl\1.7.1\shiro-config-ogdl-1.7.1.jar;C:\Users\felix\.m2\repository\commons-beanutils\commons-beanutils\1.9.4\commons-beanutils-1.9.4.jar;C:\Users\felix\.m2\repository\org\apache\shiro\shiro-event\1.7.1\shiro-event-1.7.1.jar;C:\Users\felix\.m2\repository\org\apache\shiro\shiro-web\1.7.1\shiro-web-1.7.1.jar;C:\Users\felix\.m2\repository\org\owasp\encoder\encoder\1.2.2\encoder-1.2.2.jar;C:\Users\felix\.m2\repository\org\projectlombok\lombok\1.18.16\lombok-1.18.16.jar;C:\Users\felix\.m2\repository\com\alibaba\fastjson\1.2.74\fastjson-1.2.74.jar;C:\Users\felix\.m2\repository\org\springframework\boot\spring-boot-starter-thymeleaf\2.2.13.RELEASE\spring-boot-starter-thymeleaf-2.2.13.RELEASE.jar;C:\Users\felix\.m2\repository\org\thymeleaf\thymeleaf-spring5\3.0.12.RELEASE\thymeleaf-spring5-3.0.12.RELEASE.jar;C:\Users\felix\.m2\repository\org\thymeleaf\thymeleaf\3.0.12.RELEASE\thymeleaf-3.0.12.RELEASE.jar;C:\Users\felix\.m2\repository\org\attoparser\attoparser\2.0.5.RELEASE\attoparser-2.0.5.RELEASE.jar;C:\Users\felix\.m2\repository\org\unbescape\unbescape\1.1.6.RELEASE\unbescape-1.1.6.RELEASE.jar;C:\Users\felix\.m2\repository\org\thymeleaf\extras\thymeleaf-extras-java8time\3.0.4.RELEASE\thymeleaf-extras-java8time-3.0.4.RELEASE.jar;C:\Users\felix\.m2\repository\com\github\theborakompanioni\thymeleaf-extras-shiro\2.0.0\thymeleaf-extras-shiro-2.0.0.jar;C:\Users\felix\.m2\repository\com\baomidou\dynamic-datasource-spring-boot-starter\2.5.5\dynamic-datasource-spring-boot-starter-2.5.5.jar;C:\Users\felix\.m2\repository\org\springframework\boot\spring-boot-starter-jdbc\2.2.13.RELEASE\spring-boot-starter-jdbc-2.2.13.RELEASE.jar;C:\Users\felix\.m2\repository\com\zaxxer\HikariCP\3.4.5\HikariCP-3.4.5.jar;C:\Users\felix\.m2\repository\org\springframework\spring-jdbc\5.2.12.RELEASE\spring-jdbc-5.2.12.RELEASE.jar;C:\Users\felix\.m2\repository\com\baomidou\mybatis-plus\3.4.0\mybatis-plus-3.4.0.jar;C:\Users\felix\.m2\repository\com\baomidou\mybatis-plus-extension\3.4.0\mybatis-plus-extension-3.4.0.jar;C:\Users\felix\.m2\repository\com\baomidou\mybatis-plus-core\3.4.0\mybatis-plus-core-3.4.0.jar;C:\Users\felix\.m2\repository\com\baomidou\mybatis-plus-annotation\3.4.0\mybatis-plus-annotation-3.4.0.jar;C:\Users\felix\.m2\repository\com\github\jsqlparser\jsqlparser\3.2\jsqlparser-3.2.jar;C:\Users\felix\.m2\repository\org\mybatis\mybatis\3.5.5\mybatis-3.5.5.jar;C:\Users\felix\.m2\repository\org\mybatis\mybatis-spring\2.0.5\mybatis-spring-2.0.5.jar;C:\Users\felix\.m2\repository\com\baomidou\mybatis-plus-boot-starter\3.4.0\mybatis-plus-boot-starter-3.4.0.jar;C:\Users\felix\.m2\repository\mysql\mysql-connector-java\8.0.21\mysql-connector-java-8.0.21.jar;C:\Users\felix\.m2\repository\com\oracle\database\jdbc\ojdbc6\11.2.0.4\ojdbc6-11.2.0.4.jar;C:\Users\felix\.m2\repository\com\oracle\database\jdbc\ucp\19.3.0.0\ucp-19.3.0.0.jar;C:\Users\felix\.m2\repository\com\oracle\database\security\oraclepki\19.3.0.0\oraclepki-19.3.0.0.jar;C:\Users\felix\.m2\repository\com\oracle\database\security\osdt_cert\19.3.0.0\osdt_cert-19.3.0.0.jar;C:\Users\felix\.m2\repository\com\oracle\database\security\osdt_core\19.3.0.0\osdt_core-19.3.0.0.jar;C:\Users\felix\.m2\repository\com\oracle\database\ha\simplefan\19.3.0.0\simplefan-19.3.0.0.jar;C:\Users\felix\.m2\repository\com\oracle\database\ha\ons\19.3.0.0\ons-19.3.0.0.jar;C:\Users\felix\.m2\repository\com\github\xiaoymin\knife4j-spring-boot-starter\2.0.2\knife4j-spring-boot-starter-2.0.2.jar;C:\Users\felix\.m2\repository\com\github\xiaoymin\knife4j-spring-boot-autoconfigure\2.0.2\knife4j-spring-boot-autoconfigure-2.0.2.jar;C:\Users\felix\.m2\repository\com\github\xiaoymin\knife4j-spring\2.0.2\knife4j-spring-2.0.2.jar;C:\Users\felix\.m2\repository\com\github\xiaoymin\knife4j-annotations\2.0.2\knife4j-annotations-2.0.2.jar;C:\Users\felix\.m2\repository\com\github\xiaoymin\knife4j-core\2.0.2\knife4j-core-2.0.2.jar;C:\Users\felix\.m2\repository\io\swagger\swagger-models\1.5.22\swagger-models-1.5.22.jar;C:\Users\felix\.m2\repository\io\swagger\swagger-annotations\1.5.22\swagger-annotations-1.5.22.jar;C:\Users\felix\.m2\repository\io\springfox\springfox-swagger2\2.9.2\springfox-swagger2-2.9.2.jar;C:\Users\felix\.m2\repository\io\springfox\springfox-spi\2.9.2\springfox-spi-2.9.2.jar;C:\Users\felix\.m2\repository\io\springfox\springfox-core\2.9.2\springfox-core-2.9.2.jar;C:\Users\felix\.m2\repository\io\springfox\springfox-schema\2.9.2\springfox-schema-2.9.2.jar;C:\Users\felix\.m2\repository\io\springfox\springfox-swagger-common\2.9.2\springfox-swagger-common-2.9.2.jar;C:\Users\felix\.m2\repository\io\springfox\springfox-spring-web\2.9.2\springfox-spring-web-2.9.2.jar;C:\Users\felix\.m2\repository\com\google\guava\guava\20.0\guava-20.0.jar;C:\Users\felix\.m2\repository\org\springframework\plugin\spring-plugin-core\1.2.0.RELEASE\spring-plugin-core-1.2.0.RELEASE.jar;C:\Users\felix\.m2\repository\org\springframework\plugin\spring-plugin-metadata\1.2.0.RELEASE\spring-plugin-metadata-1.2.0.RELEASE.jar;C:\Users\felix\.m2\repository\org\mapstruct\mapstruct\1.2.0.Final\mapstruct-1.2.0.Final.jar;C:\Users\felix\.m2\repository\io\springfox\springfox-bean-validators\2.9.2\springfox-bean-validators-2.9.2.jar;C:\Users\felix\.m2\repository\com\github\xiaoymin\knife4j-spring-ui\2.0.2\knife4j-spring-ui-2.0.2.jar;C:\Users\felix\.m2\repository\commons-lang\commons-lang\2.6\commons-lang-2.6.jar;C:\Users\felix\.m2\repository\commons-io\commons-io\2.5\commons-io-2.5.jar;C:\Users\felix\.m2\repository\commons-configuration\commons-configuration\1.10\commons-configuration-1.10.jar;C:\Users\felix\.m2\repository\commons-logging\commons-logging\1.1.1\commons-logging-1.1.1.jar;C:\Users\felix\.m2\repository\org\apache\velocity\velocity\1.7\velocity-1.7.jar;C:\Users\felix\.m2\repository\commons-collections\commons-collections\3.2.1\commons-collections-3.2.1.jar;C:\Users\felix\.m2\repository\org\quartz-scheduler\quartz\2.3.2\quartz-2.3.2.jar;C:\Users\felix\.m2\repository\com\mchange\mchange-commons-java\0.2.15\mchange-commons-java-0.2.15.jar;C:\Users\felix\.m2\repository\com\github\whvcse\easy-captcha\1.6.2\easy-captcha-1.6.2.jar;C:\Users\felix\.m2\repository\org\springframework\boot\spring-boot-starter-tomcat\2.2.13.RELEASE\spring-boot-starter-tomcat-2.2.13.RELEASE.jar;C:\Users\felix\.m2\repository\jakarta\annotation\jakarta.annotation-api\1.3.5\jakarta.annotation-api-1.3.5.jar;C:\Users\felix\.m2\repository\org\apache\tomcat\embed\tomcat-embed-core\9.0.41\tomcat-embed-core-9.0.41.jar;C:\Users\felix\.m2\repository\org\apache\tomcat\embed\tomcat-embed-el\9.0.41\tomcat-embed-el-9.0.41.jar;C:\Users\felix\.m2\repository\org\apache\tomcat\embed\tomcat-embed-websocket\9.0.41\tomcat-embed-websocket-9.0.41.jar;C:\Users\felix\.m2\repository\org\springframework\boot\spring-boot-legacy\1.1.0.RELEASE\spring-boot-legacy-1.1.0.RELEASE.jar;C:\Users\felix\.m2\repository\org\springframework\boot\spring-boot-starter-actuator\2.2.13.RELEASE\spring-boot-starter-actuator-2.2.13.RELEASE.jar;C:\Users\felix\.m2\repository\org\springframework\boot\spring-boot-actuator-autoconfigure\2.2.13.RELEASE\spring-boot-actuator-autoconfigure-2.2.13.RELEASE.jar;C:\Users\felix\.m2\repository\org\springframework\boot\spring-boot-actuator\2.2.13.RELEASE\spring-boot-actuator-2.2.13.RELEASE.jar;C:\Users\felix\.m2\repository\io\micrometer\micrometer-core\1.3.16\micrometer-core-1.3.16.jar;C:\Users\felix\.m2\repository\org\hdrhistogram\HdrHistogram\2.1.11\HdrHistogram-2.1.11.jar;C:\Users\felix\.m2\repository\org\latencyutils\LatencyUtils\2.0.3\LatencyUtils-2.0.3.jar;C:\Users\felix\.m2\repository\org\hibernate\hibernate-core\5.4.22.Final\hibernate-core-5.4.22.Final.jar;C:\Users\felix\.m2\repository\org\jboss\logging\jboss-logging\3.4.1.Final\jboss-logging-3.4.1.Final.jar;C:\Users\felix\.m2\repository\javax\persistence\javax.persistence-api\2.2\javax.persistence-api-2.2.jar;C:\Users\felix\.m2\repository\org\javassist\javassist\3.24.0-GA\javassist-3.24.0-GA.jar;C:\Users\felix\.m2\repository\net\bytebuddy\byte-buddy\1.10.19\byte-buddy-1.10.19.jar;C:\Users\felix\.m2\repository\antlr\antlr\2.7.7\antlr-2.7.7.jar;C:\Users\felix\.m2\repository\org\jboss\spec\javax\transaction\jboss-transaction-api_1.2_spec\1.1.1.Final\jboss-transaction-api_1.2_spec-1.1.1.Final.jar;C:\Users\felix\.m2\repository\org\jboss\jandex\2.1.3.Final\jandex-2.1.3.Final.jar;C:\Users\felix\.m2\repository\com\fasterxml\classmate\1.5.1\classmate-1.5.1.jar;C:\Users\felix\.m2\repository\javax\activation\javax.activation-api\1.2.0\javax.activation-api-1.2.0.jar;C:\Users\felix\.m2\repository\org\dom4j\dom4j\2.1.3\dom4j-2.1.3.jar;C:\Users\felix\.m2\repository\org\hibernate\common\hibernate-commons-annotations\5.1.0.Final\hibernate-commons-annotations-5.1.0.Final.jar;C:\Users\felix\.m2\repository\javax\xml\bind\jaxb-api\2.3.1\jaxb-api-2.3.1.jar;C:\Users\felix\.m2\repository\org\glassfish\jaxb\jaxb-runtime\2.3.3\jaxb-runtime-2.3.3.jar;C:\Users\felix\.m2\repository\org\glassfish\jaxb\txw2\2.3.3\txw2-2.3.3.jar;C:\Users\felix\.m2\repository\com\sun\istack\istack-commons-runtime\3.0.11\istack-commons-runtime-3.0.11.jar;C:\Users\felix\.m2\repository\com\sun\activation\jakarta.activation\1.2.2\jakarta.activation-1.2.2.jar;"/>
    <property name="java.vm.vendor" value="Oracle Corporation"/>
    <property name="sun.arch.data.model" value="64"/>
    <property name="user.variant" value=""/>
    <property name="java.vendor.url" value="http://java.oracle.com/"/>
    <property name="user.timezone" value="Asia/Shanghai"/>
    <property name="java.vm.specification.version" value="1.8"/>
    <property name="os.name" value="Windows 10"/>
    <property name="user.country" value="HK"/>
    <property name="sun.java.launcher" value="SUN_STANDARD"/>
    <property name="sun.boot.library.path" value="C:\Program Files\Java\jdk1.8.0_281\jre\bin"/>
    <property name="sun.java.command" value="C:\Users\felix\AppData\Local\Temp\surefire4090426538369517804\surefirebooter4283759876422160396.jar C:\Users\felix\AppData\Local\Temp\surefire4090426538369517804 2021-07-16T22-36-24_333-jvmRun1 surefire8294749750016233647tmp surefire_01040456483770445075tmp"/>
    <property name="surefire.test.class.path" value="D:\LOCALHOSTjava\springboot-fixedasset_new\target\test-classes;D:\LOCALHOSTjava\springboot-fixedasset_new\target\classes;C:\Users\felix\.m2\repository\org\springframework\boot\spring-boot-starter-web\2.2.13.RELEASE\spring-boot-starter-web-2.2.13.RELEASE.jar;C:\Users\felix\.m2\repository\org\springframework\boot\spring-boot-starter\2.2.13.RELEASE\spring-boot-starter-2.2.13.RELEASE.jar;C:\Users\felix\.m2\repository\org\springframework\boot\spring-boot\2.2.13.RELEASE\spring-boot-2.2.13.RELEASE.jar;C:\Users\felix\.m2\repository\org\springframework\boot\spring-boot-starter-logging\2.2.13.RELEASE\spring-boot-starter-logging-2.2.13.RELEASE.jar;C:\Users\felix\.m2\repository\ch\qos\logback\logback-classic\1.2.3\logback-classic-1.2.3.jar;C:\Users\felix\.m2\repository\ch\qos\logback\logback-core\1.2.3\logback-core-1.2.3.jar;C:\Users\felix\.m2\repository\org\apache\logging\log4j\log4j-to-slf4j\2.12.1\log4j-to-slf4j-2.12.1.jar;C:\Users\felix\.m2\repository\org\apache\logging\log4j\log4j-api\2.12.1\log4j-api-2.12.1.jar;C:\Users\felix\.m2\repository\org\slf4j\jul-to-slf4j\1.7.30\jul-to-slf4j-1.7.30.jar;C:\Users\felix\.m2\repository\org\yaml\snakeyaml\1.25\snakeyaml-1.25.jar;C:\Users\felix\.m2\repository\org\springframework\boot\spring-boot-starter-json\2.2.13.RELEASE\spring-boot-starter-json-2.2.13.RELEASE.jar;C:\Users\felix\.m2\repository\com\fasterxml\jackson\core\jackson-databind\2.10.5.1\jackson-databind-2.10.5.1.jar;C:\Users\felix\.m2\repository\com\fasterxml\jackson\core\jackson-annotations\2.10.5\jackson-annotations-2.10.5.jar;C:\Users\felix\.m2\repository\com\fasterxml\jackson\core\jackson-core\2.10.5\jackson-core-2.10.5.jar;C:\Users\felix\.m2\repository\com\fasterxml\jackson\datatype\jackson-datatype-jdk8\2.10.5\jackson-datatype-jdk8-2.10.5.jar;C:\Users\felix\.m2\repository\com\fasterxml\jackson\datatype\jackson-datatype-jsr310\2.10.5\jackson-datatype-jsr310-2.10.5.jar;C:\Users\felix\.m2\repository\com\fasterxml\jackson\module\jackson-module-parameter-names\2.10.5\jackson-module-parameter-names-2.10.5.jar;C:\Users\felix\.m2\repository\org\springframework\boot\spring-boot-starter-validation\2.2.13.RELEASE\spring-boot-starter-validation-2.2.13.RELEASE.jar;C:\Users\felix\.m2\repository\jakarta\validation\jakarta.validation-api\2.0.2\jakarta.validation-api-2.0.2.jar;C:\Users\felix\.m2\repository\org\hibernate\validator\hibernate-validator\6.0.22.Final\hibernate-validator-6.0.22.Final.jar;C:\Users\felix\.m2\repository\org\springframework\spring-web\5.2.12.RELEASE\spring-web-5.2.12.RELEASE.jar;C:\Users\felix\.m2\repository\org\springframework\spring-beans\5.2.12.RELEASE\spring-beans-5.2.12.RELEASE.jar;C:\Users\felix\.m2\repository\org\springframework\spring-webmvc\5.2.12.RELEASE\spring-webmvc-5.2.12.RELEASE.jar;C:\Users\felix\.m2\repository\org\springframework\spring-context\5.2.12.RELEASE\spring-context-5.2.12.RELEASE.jar;C:\Users\felix\.m2\repository\org\springframework\spring-expression\5.2.12.RELEASE\spring-expression-5.2.12.RELEASE.jar;C:\Users\felix\.m2\repository\org\springframework\boot\spring-boot-starter-test\2.2.13.RELEASE\spring-boot-starter-test-2.2.13.RELEASE.jar;C:\Users\felix\.m2\repository\org\springframework\boot\spring-boot-test\2.2.13.RELEASE\spring-boot-test-2.2.13.RELEASE.jar;C:\Users\felix\.m2\repository\org\springframework\boot\spring-boot-test-autoconfigure\2.2.13.RELEASE\spring-boot-test-autoconfigure-2.2.13.RELEASE.jar;C:\Users\felix\.m2\repository\com\jayway\jsonpath\json-path\2.4.0\json-path-2.4.0.jar;C:\Users\felix\.m2\repository\net\minidev\json-smart\2.3\json-smart-2.3.jar;C:\Users\felix\.m2\repository\net\minidev\accessors-smart\1.2\accessors-smart-1.2.jar;C:\Users\felix\.m2\repository\org\ow2\asm\asm\5.0.4\asm-5.0.4.jar;C:\Users\felix\.m2\repository\jakarta\xml\bind\jakarta.xml.bind-api\2.3.3\jakarta.xml.bind-api-2.3.3.jar;C:\Users\felix\.m2\repository\jakarta\activation\jakarta.activation-api\1.2.2\jakarta.activation-api-1.2.2.jar;C:\Users\felix\.m2\repository\org\junit\jupiter\junit-jupiter\5.5.2\junit-jupiter-5.5.2.jar;C:\Users\felix\.m2\repository\org\junit\jupiter\junit-jupiter-api\5.5.2\junit-jupiter-api-5.5.2.jar;C:\Users\felix\.m2\repository\org\opentest4j\opentest4j\1.2.0\opentest4j-1.2.0.jar;C:\Users\felix\.m2\repository\org\junit\platform\junit-platform-commons\1.5.2\junit-platform-commons-1.5.2.jar;C:\Users\felix\.m2\repository\org\junit\jupiter\junit-jupiter-params\5.5.2\junit-jupiter-params-5.5.2.jar;C:\Users\felix\.m2\repository\org\junit\jupiter\junit-jupiter-engine\5.5.2\junit-jupiter-engine-5.5.2.jar;C:\Users\felix\.m2\repository\org\junit\vintage\junit-vintage-engine\5.5.2\junit-vintage-engine-5.5.2.jar;C:\Users\felix\.m2\repository\org\apiguardian\apiguardian-api\1.1.0\apiguardian-api-1.1.0.jar;C:\Users\felix\.m2\repository\org\junit\platform\junit-platform-engine\1.5.2\junit-platform-engine-1.5.2.jar;C:\Users\felix\.m2\repository\junit\junit\4.12\junit-4.12.jar;C:\Users\felix\.m2\repository\org\mockito\mockito-junit-jupiter\3.1.0\mockito-junit-jupiter-3.1.0.jar;C:\Users\felix\.m2\repository\org\assertj\assertj-core\3.13.2\assertj-core-3.13.2.jar;C:\Users\felix\.m2\repository\org\hamcrest\hamcrest\2.1\hamcrest-2.1.jar;C:\Users\felix\.m2\repository\org\mockito\mockito-core\3.1.0\mockito-core-3.1.0.jar;C:\Users\felix\.m2\repository\net\bytebuddy\byte-buddy-agent\1.10.19\byte-buddy-agent-1.10.19.jar;C:\Users\felix\.m2\repository\org\objenesis\objenesis\2.6\objenesis-2.6.jar;C:\Users\felix\.m2\repository\org\skyscreamer\jsonassert\1.5.0\jsonassert-1.5.0.jar;C:\Users\felix\.m2\repository\com\vaadin\external\google\android-json\0.0.20131108.vaadin1\android-json-0.0.20131108.vaadin1.jar;C:\Users\felix\.m2\repository\org\springframework\spring-core\5.2.12.RELEASE\spring-core-5.2.12.RELEASE.jar;C:\Users\felix\.m2\repository\org\springframework\spring-jcl\5.2.12.RELEASE\spring-jcl-5.2.12.RELEASE.jar;C:\Users\felix\.m2\repository\org\springframework\spring-test\5.2.12.RELEASE\spring-test-5.2.12.RELEASE.jar;C:\Users\felix\.m2\repository\org\xmlunit\xmlunit-core\2.6.4\xmlunit-core-2.6.4.jar;C:\Users\felix\.m2\repository\org\springframework\boot\spring-boot-starter-aop\2.2.13.RELEASE\spring-boot-starter-aop-2.2.13.RELEASE.jar;C:\Users\felix\.m2\repository\org\springframework\spring-aop\5.2.12.RELEASE\spring-aop-5.2.12.RELEASE.jar;C:\Users\felix\.m2\repository\org\aspectj\aspectjweaver\1.9.6\aspectjweaver-1.9.6.jar;C:\Users\felix\.m2\repository\com\alibaba\druid-spring-boot-starter\1.1.16\druid-spring-boot-starter-1.1.16.jar;C:\Users\felix\.m2\repository\com\alibaba\druid\1.1.16\druid-1.1.16.jar;C:\Users\felix\.m2\repository\org\slf4j\slf4j-api\1.7.30\slf4j-api-1.7.30.jar;C:\Users\felix\.m2\repository\org\springframework\boot\spring-boot-autoconfigure\2.2.13.RELEASE\spring-boot-autoconfigure-2.2.13.RELEASE.jar;C:\Users\felix\.m2\repository\org\springframework\boot\spring-boot-starter-data-redis\2.2.13.RELEASE\spring-boot-starter-data-redis-2.2.13.RELEASE.jar;C:\Users\felix\.m2\repository\org\springframework\data\spring-data-redis\2.2.12.RELEASE\spring-data-redis-2.2.12.RELEASE.jar;C:\Users\felix\.m2\repository\org\springframework\data\spring-data-keyvalue\2.2.12.RELEASE\spring-data-keyvalue-2.2.12.RELEASE.jar;C:\Users\felix\.m2\repository\org\springframework\data\spring-data-commons\2.2.12.RELEASE\spring-data-commons-2.2.12.RELEASE.jar;C:\Users\felix\.m2\repository\org\springframework\spring-tx\5.2.12.RELEASE\spring-tx-5.2.12.RELEASE.jar;C:\Users\felix\.m2\repository\org\springframework\spring-oxm\5.2.12.RELEASE\spring-oxm-5.2.12.RELEASE.jar;C:\Users\felix\.m2\repository\org\springframework\spring-context-support\5.2.12.RELEASE\spring-context-support-5.2.12.RELEASE.jar;C:\Users\felix\.m2\repository\io\lettuce\lettuce-core\5.2.2.RELEASE\lettuce-core-5.2.2.RELEASE.jar;C:\Users\felix\.m2\repository\io\netty\netty-common\4.1.58.Final\netty-common-4.1.58.Final.jar;C:\Users\felix\.m2\repository\io\netty\netty-handler\4.1.58.Final\netty-handler-4.1.58.Final.jar;C:\Users\felix\.m2\repository\io\netty\netty-resolver\4.1.58.Final\netty-resolver-4.1.58.Final.jar;C:\Users\felix\.m2\repository\io\netty\netty-buffer\4.1.58.Final\netty-buffer-4.1.58.Final.jar;C:\Users\felix\.m2\repository\io\netty\netty-codec\4.1.58.Final\netty-codec-4.1.58.Final.jar;C:\Users\felix\.m2\repository\io\netty\netty-transport\4.1.58.Final\netty-transport-4.1.58.Final.jar;C:\Users\felix\.m2\repository\io\projectreactor\reactor-core\3.3.13.RELEASE\reactor-core-3.3.13.RELEASE.jar;C:\Users\felix\.m2\repository\org\reactivestreams\reactive-streams\1.0.3\reactive-streams-1.0.3.jar;C:\Users\felix\.m2\repository\org\apache\shiro\shiro-spring\1.7.1\shiro-spring-1.7.1.jar;C:\Users\felix\.m2\repository\org\apache\shiro\shiro-core\1.7.1\shiro-core-1.7.1.jar;C:\Users\felix\.m2\repository\org\apache\shiro\shiro-lang\1.7.1\shiro-lang-1.7.1.jar;C:\Users\felix\.m2\repository\org\apache\shiro\shiro-cache\1.7.1\shiro-cache-1.7.1.jar;C:\Users\felix\.m2\repository\org\apache\shiro\shiro-crypto-hash\1.7.1\shiro-crypto-hash-1.7.1.jar;C:\Users\felix\.m2\repository\org\apache\shiro\shiro-crypto-core\1.7.1\shiro-crypto-core-1.7.1.jar;C:\Users\felix\.m2\repository\org\apache\shiro\shiro-crypto-cipher\1.7.1\shiro-crypto-cipher-1.7.1.jar;C:\Users\felix\.m2\repository\org\apache\shiro\shiro-config-core\1.7.1\shiro-config-core-1.7.1.jar;C:\Users\felix\.m2\repository\org\apache\shiro\shiro-config-ogdl\1.7.1\shiro-config-ogdl-1.7.1.jar;C:\Users\felix\.m2\repository\commons-beanutils\commons-beanutils\1.9.4\commons-beanutils-1.9.4.jar;C:\Users\felix\.m2\repository\org\apache\shiro\shiro-event\1.7.1\shiro-event-1.7.1.jar;C:\Users\felix\.m2\repository\org\apache\shiro\shiro-web\1.7.1\shiro-web-1.7.1.jar;C:\Users\felix\.m2\repository\org\owasp\encoder\encoder\1.2.2\encoder-1.2.2.jar;C:\Users\felix\.m2\repository\org\projectlombok\lombok\1.18.16\lombok-1.18.16.jar;C:\Users\felix\.m2\repository\com\alibaba\fastjson\1.2.74\fastjson-1.2.74.jar;C:\Users\felix\.m2\repository\org\springframework\boot\spring-boot-starter-thymeleaf\2.2.13.RELEASE\spring-boot-starter-thymeleaf-2.2.13.RELEASE.jar;C:\Users\felix\.m2\repository\org\thymeleaf\thymeleaf-spring5\3.0.12.RELEASE\thymeleaf-spring5-3.0.12.RELEASE.jar;C:\Users\felix\.m2\repository\org\thymeleaf\thymeleaf\3.0.12.RELEASE\thymeleaf-3.0.12.RELEASE.jar;C:\Users\felix\.m2\repository\org\attoparser\attoparser\2.0.5.RELEASE\attoparser-2.0.5.RELEASE.jar;C:\Users\felix\.m2\repository\org\unbescape\unbescape\1.1.6.RELEASE\unbescape-1.1.6.RELEASE.jar;C:\Users\felix\.m2\repository\org\thymeleaf\extras\thymeleaf-extras-java8time\3.0.4.RELEASE\thymeleaf-extras-java8time-3.0.4.RELEASE.jar;C:\Users\felix\.m2\repository\com\github\theborakompanioni\thymeleaf-extras-shiro\2.0.0\thymeleaf-extras-shiro-2.0.0.jar;C:\Users\felix\.m2\repository\com\baomidou\dynamic-datasource-spring-boot-starter\2.5.5\dynamic-datasource-spring-boot-starter-2.5.5.jar;C:\Users\felix\.m2\repository\org\springframework\boot\spring-boot-starter-jdbc\2.2.13.RELEASE\spring-boot-starter-jdbc-2.2.13.RELEASE.jar;C:\Users\felix\.m2\repository\com\zaxxer\HikariCP\3.4.5\HikariCP-3.4.5.jar;C:\Users\felix\.m2\repository\org\springframework\spring-jdbc\5.2.12.RELEASE\spring-jdbc-5.2.12.RELEASE.jar;C:\Users\felix\.m2\repository\com\baomidou\mybatis-plus\3.4.0\mybatis-plus-3.4.0.jar;C:\Users\felix\.m2\repository\com\baomidou\mybatis-plus-extension\3.4.0\mybatis-plus-extension-3.4.0.jar;C:\Users\felix\.m2\repository\com\baomidou\mybatis-plus-core\3.4.0\mybatis-plus-core-3.4.0.jar;C:\Users\felix\.m2\repository\com\baomidou\mybatis-plus-annotation\3.4.0\mybatis-plus-annotation-3.4.0.jar;C:\Users\felix\.m2\repository\com\github\jsqlparser\jsqlparser\3.2\jsqlparser-3.2.jar;C:\Users\felix\.m2\repository\org\mybatis\mybatis\3.5.5\mybatis-3.5.5.jar;C:\Users\felix\.m2\repository\org\mybatis\mybatis-spring\2.0.5\mybatis-spring-2.0.5.jar;C:\Users\felix\.m2\repository\com\baomidou\mybatis-plus-boot-starter\3.4.0\mybatis-plus-boot-starter-3.4.0.jar;C:\Users\felix\.m2\repository\mysql\mysql-connector-java\8.0.21\mysql-connector-java-8.0.21.jar;C:\Users\felix\.m2\repository\com\oracle\database\jdbc\ojdbc6\11.2.0.4\ojdbc6-11.2.0.4.jar;C:\Users\felix\.m2\repository\com\oracle\database\jdbc\ucp\19.3.0.0\ucp-19.3.0.0.jar;C:\Users\felix\.m2\repository\com\oracle\database\security\oraclepki\19.3.0.0\oraclepki-19.3.0.0.jar;C:\Users\felix\.m2\repository\com\oracle\database\security\osdt_cert\19.3.0.0\osdt_cert-19.3.0.0.jar;C:\Users\felix\.m2\repository\com\oracle\database\security\osdt_core\19.3.0.0\osdt_core-19.3.0.0.jar;C:\Users\felix\.m2\repository\com\oracle\database\ha\simplefan\19.3.0.0\simplefan-19.3.0.0.jar;C:\Users\felix\.m2\repository\com\oracle\database\ha\ons\19.3.0.0\ons-19.3.0.0.jar;C:\Users\felix\.m2\repository\com\github\xiaoymin\knife4j-spring-boot-starter\2.0.2\knife4j-spring-boot-starter-2.0.2.jar;C:\Users\felix\.m2\repository\com\github\xiaoymin\knife4j-spring-boot-autoconfigure\2.0.2\knife4j-spring-boot-autoconfigure-2.0.2.jar;C:\Users\felix\.m2\repository\com\github\xiaoymin\knife4j-spring\2.0.2\knife4j-spring-2.0.2.jar;C:\Users\felix\.m2\repository\com\github\xiaoymin\knife4j-annotations\2.0.2\knife4j-annotations-2.0.2.jar;C:\Users\felix\.m2\repository\com\github\xiaoymin\knife4j-core\2.0.2\knife4j-core-2.0.2.jar;C:\Users\felix\.m2\repository\io\swagger\swagger-models\1.5.22\swagger-models-1.5.22.jar;C:\Users\felix\.m2\repository\io\swagger\swagger-annotations\1.5.22\swagger-annotations-1.5.22.jar;C:\Users\felix\.m2\repository\io\springfox\springfox-swagger2\2.9.2\springfox-swagger2-2.9.2.jar;C:\Users\felix\.m2\repository\io\springfox\springfox-spi\2.9.2\springfox-spi-2.9.2.jar;C:\Users\felix\.m2\repository\io\springfox\springfox-core\2.9.2\springfox-core-2.9.2.jar;C:\Users\felix\.m2\repository\io\springfox\springfox-schema\2.9.2\springfox-schema-2.9.2.jar;C:\Users\felix\.m2\repository\io\springfox\springfox-swagger-common\2.9.2\springfox-swagger-common-2.9.2.jar;C:\Users\felix\.m2\repository\io\springfox\springfox-spring-web\2.9.2\springfox-spring-web-2.9.2.jar;C:\Users\felix\.m2\repository\com\google\guava\guava\20.0\guava-20.0.jar;C:\Users\felix\.m2\repository\org\springframework\plugin\spring-plugin-core\1.2.0.RELEASE\spring-plugin-core-1.2.0.RELEASE.jar;C:\Users\felix\.m2\repository\org\springframework\plugin\spring-plugin-metadata\1.2.0.RELEASE\spring-plugin-metadata-1.2.0.RELEASE.jar;C:\Users\felix\.m2\repository\org\mapstruct\mapstruct\1.2.0.Final\mapstruct-1.2.0.Final.jar;C:\Users\felix\.m2\repository\io\springfox\springfox-bean-validators\2.9.2\springfox-bean-validators-2.9.2.jar;C:\Users\felix\.m2\repository\com\github\xiaoymin\knife4j-spring-ui\2.0.2\knife4j-spring-ui-2.0.2.jar;C:\Users\felix\.m2\repository\commons-lang\commons-lang\2.6\commons-lang-2.6.jar;C:\Users\felix\.m2\repository\commons-io\commons-io\2.5\commons-io-2.5.jar;C:\Users\felix\.m2\repository\commons-configuration\commons-configuration\1.10\commons-configuration-1.10.jar;C:\Users\felix\.m2\repository\commons-logging\commons-logging\1.1.1\commons-logging-1.1.1.jar;C:\Users\felix\.m2\repository\org\apache\velocity\velocity\1.7\velocity-1.7.jar;C:\Users\felix\.m2\repository\commons-collections\commons-collections\3.2.1\commons-collections-3.2.1.jar;C:\Users\felix\.m2\repository\org\quartz-scheduler\quartz\2.3.2\quartz-2.3.2.jar;C:\Users\felix\.m2\repository\com\mchange\mchange-commons-java\0.2.15\mchange-commons-java-0.2.15.jar;C:\Users\felix\.m2\repository\com\github\whvcse\easy-captcha\1.6.2\easy-captcha-1.6.2.jar;C:\Users\felix\.m2\repository\org\springframework\boot\spring-boot-starter-tomcat\2.2.13.RELEASE\spring-boot-starter-tomcat-2.2.13.RELEASE.jar;C:\Users\felix\.m2\repository\jakarta\annotation\jakarta.annotation-api\1.3.5\jakarta.annotation-api-1.3.5.jar;C:\Users\felix\.m2\repository\org\apache\tomcat\embed\tomcat-embed-core\9.0.41\tomcat-embed-core-9.0.41.jar;C:\Users\felix\.m2\repository\org\apache\tomcat\embed\tomcat-embed-el\9.0.41\tomcat-embed-el-9.0.41.jar;C:\Users\felix\.m2\repository\org\apache\tomcat\embed\tomcat-embed-websocket\9.0.41\tomcat-embed-websocket-9.0.41.jar;C:\Users\felix\.m2\repository\org\springframework\boot\spring-boot-legacy\1.1.0.RELEASE\spring-boot-legacy-1.1.0.RELEASE.jar;C:\Users\felix\.m2\repository\org\springframework\boot\spring-boot-starter-actuator\2.2.13.RELEASE\spring-boot-starter-actuator-2.2.13.RELEASE.jar;C:\Users\felix\.m2\repository\org\springframework\boot\spring-boot-actuator-autoconfigure\2.2.13.RELEASE\spring-boot-actuator-autoconfigure-2.2.13.RELEASE.jar;C:\Users\felix\.m2\repository\org\springframework\boot\spring-boot-actuator\2.2.13.RELEASE\spring-boot-actuator-2.2.13.RELEASE.jar;C:\Users\felix\.m2\repository\io\micrometer\micrometer-core\1.3.16\micrometer-core-1.3.16.jar;C:\Users\felix\.m2\repository\org\hdrhistogram\HdrHistogram\2.1.11\HdrHistogram-2.1.11.jar;C:\Users\felix\.m2\repository\org\latencyutils\LatencyUtils\2.0.3\LatencyUtils-2.0.3.jar;C:\Users\felix\.m2\repository\org\hibernate\hibernate-core\5.4.22.Final\hibernate-core-5.4.22.Final.jar;C:\Users\felix\.m2\repository\org\jboss\logging\jboss-logging\3.4.1.Final\jboss-logging-3.4.1.Final.jar;C:\Users\felix\.m2\repository\javax\persistence\javax.persistence-api\2.2\javax.persistence-api-2.2.jar;C:\Users\felix\.m2\repository\org\javassist\javassist\3.24.0-GA\javassist-3.24.0-GA.jar;C:\Users\felix\.m2\repository\net\bytebuddy\byte-buddy\1.10.19\byte-buddy-1.10.19.jar;C:\Users\felix\.m2\repository\antlr\antlr\2.7.7\antlr-2.7.7.jar;C:\Users\felix\.m2\repository\org\jboss\spec\javax\transaction\jboss-transaction-api_1.2_spec\1.1.1.Final\jboss-transaction-api_1.2_spec-1.1.1.Final.jar;C:\Users\felix\.m2\repository\org\jboss\jandex\2.1.3.Final\jandex-2.1.3.Final.jar;C:\Users\felix\.m2\repository\com\fasterxml\classmate\1.5.1\classmate-1.5.1.jar;C:\Users\felix\.m2\repository\javax\activation\javax.activation-api\1.2.0\javax.activation-api-1.2.0.jar;C:\Users\felix\.m2\repository\org\dom4j\dom4j\2.1.3\dom4j-2.1.3.jar;C:\Users\felix\.m2\repository\org\hibernate\common\hibernate-commons-annotations\5.1.0.Final\hibernate-commons-annotations-5.1.0.Final.jar;C:\Users\felix\.m2\repository\javax\xml\bind\jaxb-api\2.3.1\jaxb-api-2.3.1.jar;C:\Users\felix\.m2\repository\org\glassfish\jaxb\jaxb-runtime\2.3.3\jaxb-runtime-2.3.3.jar;C:\Users\felix\.m2\repository\org\glassfish\jaxb\txw2\2.3.3\txw2-2.3.3.jar;C:\Users\felix\.m2\repository\com\sun\istack\istack-commons-runtime\3.0.11\istack-commons-runtime-3.0.11.jar;C:\Users\felix\.m2\repository\com\sun\activation\jakarta.activation\1.2.2\jakarta.activation-1.2.2.jar;"/>
    <property name="sun.cpu.endian" value="little"/>
    <property name="user.home" value="C:\Users\felix"/>
    <property name="user.language" value="zh"/>
    <property name="java.specification.vendor" value="Oracle Corporation"/>
    <property name="java.home" value="C:\Program Files\Java\jdk1.8.0_281\jre"/>
    <property name="basedir" value="D:\LOCALHOSTjava\springboot-fixedasset_new"/>
    <property name="file.separator" value="\"/>
    <property name="line.separator" value="&#10;"/>
    <property name="java.vm.specification.vendor" value="Oracle Corporation"/>
    <property name="java.specification.name" value="Java Platform API Specification"/>
    <property name="java.awt.graphicsenv" value="sun.awt.Win32GraphicsEnvironment"/>
    <property name="surefire.real.class.path" value="C:\Users\felix\AppData\Local\Temp\surefire4090426538369517804\surefirebooter4283759876422160396.jar"/>
    <property name="sun.boot.class.path" value="C:\Program Files\Java\jdk1.8.0_281\jre\lib\resources.jar;C:\Program Files\Java\jdk1.8.0_281\jre\lib\rt.jar;C:\Program Files\Java\jdk1.8.0_281\jre\lib\sunrsasign.jar;C:\Program Files\Java\jdk1.8.0_281\jre\lib\jsse.jar;C:\Program Files\Java\jdk1.8.0_281\jre\lib\jce.jar;C:\Program Files\Java\jdk1.8.0_281\jre\lib\charsets.jar;C:\Program Files\Java\jdk1.8.0_281\jre\lib\jfr.jar;C:\Program Files\Java\jdk1.8.0_281\jre\classes"/>
    <property name="user.script" value=""/>
    <property name="sun.management.compiler" value="HotSpot 64-Bit Tiered Compilers"/>
    <property name="java.runtime.version" value="1.8.0_281-b09"/>
    <property name="user.name" value="felix"/>
    <property name="path.separator" value=";"/>
    <property name="os.version" value="10.0"/>
    <property name="java.endorsed.dirs" value="C:\Program Files\Java\jdk1.8.0_281\jre\lib\endorsed"/>
    <property name="java.runtime.name" value="Java(TM) SE Runtime Environment"/>
    <property name="file.encoding" value="MS950"/>
    <property name="java.vm.name" value="Java HotSpot(TM) 64-Bit Server VM"/>
    <property name="localRepository" value="C:\Users\felix\.m2\repository"/>
    <property name="java.vendor.url.bug" value="http://bugreport.sun.com/bugreport/"/>
    <property name="java.io.tmpdir" value="C:\Users\felix\AppData\Local\Temp\"/>
    <property name="java.version" value="1.8.0_281"/>
    <property name="user.dir" value="D:\LOCALHOSTjava\springboot-fixedasset_new"/>
    <property name="os.arch" value="amd64"/>
    <property name="java.vm.specification.name" value="Java Virtual Machine Specification"/>
    <property name="java.awt.printerjob" value="sun.awt.windows.WPrinterJob"/>
    <property name="sun.os.patch.level" value=""/>
    <property name="java.library.path" value="C:\Program Files\Java\jdk1.8.0_281\jre\bin;C:\WINDOWS\Sun\Java\bin;C:\WINDOWS\system32;C:\WINDOWS;C:\Program Files\Common Files\Oracle\Java\javapath;C:\Program Files (x86)\Common Files\Oracle\Java\javapath;C:\WINDOWS\system32;C:\WINDOWS;C:\WINDOWS\System32\Wbem;C:\WINDOWS\System32\WindowsPowerShell\v1.0\;C:\WINDOWS\System32\OpenSSH\;C:\composer;C:\Program Files\PuTTY\;C:\Users\felix\AppData\Roaming\nvm;C:\Program Files\nodejs;C:\Program Files\apache-maven-3.6.3\bin;C:\Program Files (x86)\Yarn\bin\;C:\Program Files\apache-maven-3.6.3\bin;C:\Program Files\Java\jdk-11.0.10\bin;C:\Program Files\Microsoft SQL Server\130\Tools\Binn\;C:\Program Files\nodejs\;C:\Program Files\Git\bin\git.exe;C:\Program Files\Java\jdk1.8.0_281;D:\fluuer\flutter\bin;D:\xampp\php;C:\Git;C:\Program Files\TortoiseGit\bin;C:\Users\felix\AppData\Local\Microsoft\WindowsApps;C:\Users\felix\AppData\Local\atom\bin;C:\Users\felix\AppData\Roaming\Composer\vendor\bin;C:\Users\felix\.dotnet\tools;C:\Users\felix\AppData\Local\GitHubDesktop\bin;C:\Users\felix\Programs\Microsoft VS Code\bin;C:\Users\felix\AppData\Roaming\nvm;C:\Program Files\nodejs;C:\Users\felix\AppData\Local\Yarn\bin;C:\Users\felix\AppData\Roaming\npm;C:\Program Files\Git\bin\git.exe;C:\Program Files\Git\cmd;C:\Users\felix\AppData\Local\Programs\Fiddler;C:\Users\felix\AppData\Local\Microsoft\WindowsApps;C:\Users\felix\AppData\Local\gitkraken\bin;."/>
    <property name="java.vm.info" value="mixed mode"/>
    <property name="java.vendor" value="Oracle Corporation"/>
    <property name="java.vm.version" value="25.281-b09"/>
    <property name="java.ext.dirs" value="C:\Program Files\Java\jdk1.8.0_281\jre\lib\ext;C:\WINDOWS\Sun\Java\lib\ext"/>
    <property name="sun.io.unicode.encoding" value="UnicodeLittle"/>
    <property name="java.class.version" value="52.0"/>
  </properties>
  <testcase name="contextLoads" classname="com.company.project.CompanyFrameApplicationTests" time="0.001"/>
</testsuite>